<?xml version="1.0" encoding="UTF-8"?>
<!-- Generated by org.testng.reporters.JUnitReportReporter -->
<testsuite hostname="Sreenivas-Lukka" failures="0" tests="1" name="testCases.TC001_AccountRegistrationTest" time="3.911" errors="0" timestamp="2025-05-19T11:14:15 IST" skipped="0">
  <testcase classname="testCases.TC001_AccountRegistrationTest" name="verify_account_registration" time="3.911"/>
</testsuite> <!-- testCases.TC001_AccountRegistrationTest -->
