<?xml version="1.0" encoding="UTF-8"?>
<!-- Generated by org.testng.reporters.JUnitReportReporter -->
<testsuite hostname="Sreenivas-Lukka" failures="0" tests="1" name="testCases.TC002_LoginTest" time="2.563" errors="0" timestamp="2025-05-19T11:20:27 IST" skipped="0">
  <testcase classname="testCases.TC002_LoginTest" name="verify_Login" time="2.563"/>
</testsuite> <!-- testCases.TC002_LoginTest -->
