<?xml version="1.0" encoding="UTF-8"?>
<!-- Generated by org.testng.reporters.JUnitReportReporter -->
<testsuite hostname="Sreenivas-Lukka" failures="0" tests="1" name="testCases.TC002_LoginTest" time="1.747" errors="0" timestamp="2025-05-20T09:40:52 IST" skipped="0">
  <testcase classname="testCases.TC002_LoginTest" name="verify_Login" time="1.747"/>
</testsuite> <!-- testCases.TC002_LoginTest -->
